--------------- Clean Started: 07/08/2020 11:29:14 Project: Car Charger, Configuration: ARM GCC 5.4-2016-q2-update Debug ---------------
Deleting file ".\CortexM0\ARM_GCC_541\Debug\alt_mode_hw.o"
Deleting file ".\CortexM0\ARM_GCC_541\Debug\alt_modes_mngr.o"
Deleting file ".\CortexM0\ARM_GCC_541\Debug\vdm_task_mngr.o"
Deleting file ".\CortexM0\ARM_GCC_541\Debug\cy_alt_mode.o"
Deleting file ".\CortexM0\ARM_GCC_541\Debug\uvdm.o"
Deleting file ".\CortexM0\ARM_GCC_541\Debug\app.o"
Deleting file ".\CortexM0\ARM_GCC_541\Debug\pdo.o"
Deleting file ".\CortexM0\ARM_GCC_541\Debug\psource.o"
Deleting file ".\CortexM0\ARM_GCC_541\Debug\swap.o"
Deleting file ".\CortexM0\ARM_GCC_541\Debug\vdm.o"
Deleting file ".\CortexM0\ARM_GCC_541\Debug\battery_charging.o"
Deleting file ".\CortexM0\ARM_GCC_541\Debug\type_a.o"
Deleting file ".\CortexM0\ARM_GCC_541\Debug\vbus_ctrl.o"
Deleting file ".\CortexM0\ARM_GCC_541\Debug\fault_handlers.o"
Deleting file ".\CortexM0\ARM_GCC_541\Debug\boot.o"
Deleting file ".\CortexM0\ARM_GCC_541\Debug\flash.o"
Deleting file ".\CortexM0\ARM_GCC_541\Debug\gpio.o"
Deleting file ".\CortexM0\ARM_GCC_541\Debug\system.o"
Deleting file ".\CortexM0\ARM_GCC_541\Debug\timer.o"
Deleting file ".\CortexM0\ARM_GCC_541\Debug\utils.o"
Deleting file ".\CortexM0\ARM_GCC_541\Debug\config.o"
Deleting file ".\CortexM0\ARM_GCC_541\Debug\datamux_ctrl.o"
Deleting file ".\CortexM0\ARM_GCC_541\Debug\main.o"
Deleting file ".\CortexM0\ARM_GCC_541\Debug\instrumentation.o"
Deleting file ".\CortexM0\ARM_GCC_541\Debug\hal_ccgx.o"
Deleting file ".\CortexM0\ARM_GCC_541\Debug\pdss_mx_hal.o"
Deleting file ".\CortexM0\ARM_GCC_541\Debug\cyfitter_cfg.o"
Deleting file ".\CortexM0\ARM_GCC_541\Debug\cybootloader.o"
Deleting file ".\CortexM0\ARM_GCC_541\Debug\cymetadata.o"
Deleting file ".\CortexM0\ARM_GCC_541\Debug\BUCK_BOOST_EN_C.o"
Deleting file ".\CortexM0\ARM_GCC_541\Debug\BUCK_BOOST_EN_C_PM.o"
Deleting file ".\CortexM0\ARM_GCC_541\Debug\PDSS_PORT0_RX_CLK.o"
Deleting file ".\CortexM0\ARM_GCC_541\Debug\PDSS_PORT0_TX_CLK.o"
Deleting file ".\CortexM0\ARM_GCC_541\Debug\PDSS_PORT0_SAR_CLK.o"
Deleting file ".\CortexM0\ARM_GCC_541\Debug\Bootloadable_1.o"
Deleting file ".\CortexM0\ARM_GCC_541\Debug\PDSS_PORT0_BCH_CLK.o"
Deleting file ".\CortexM0\ARM_GCC_541\Debug\PWM_OUT_A.o"
Deleting file ".\CortexM0\ARM_GCC_541\Debug\PWM_OUT_A_PM.o"
Deleting file ".\CortexM0\ARM_GCC_541\Debug\Clock_2.o"
Deleting file ".\CortexM0\ARM_GCC_541\Debug\PWM_A.o"
Deleting file ".\CortexM0\ARM_GCC_541\Debug\PWM_A_PM.o"
Deleting file ".\CortexM0\ARM_GCC_541\Debug\BUCK_BOOST_EN_A.o"
Deleting file ".\CortexM0\ARM_GCC_541\Debug\BUCK_BOOST_EN_A_PM.o"
Deleting file ".\CortexM0\ARM_GCC_541\Debug\PDSS_PORT0_FILT_CLK_SEL.o"
Deleting file ".\CortexM0\ARM_GCC_541\Debug\PDSS_PORT0_ISINK_CLK.o"
Deleting file ".\CortexM0\ARM_GCC_541\Debug\TYPE_A_VBUS_EN.o"
Deleting file ".\CortexM0\ARM_GCC_541\Debug\TYPE_A_VBUS_EN_PM.o"
Deleting file ".\CortexM0\ARM_GCC_541\Debug\PDSS_PORTX_REFGEN_CLK.o"
Deleting file ".\CortexM0\ARM_GCC_541\Debug\Cm0Start.o"
Deleting file ".\CortexM0\ARM_GCC_541\Debug\CyFlash.o"
Deleting file ".\CortexM0\ARM_GCC_541\Debug\CyLib.o"
Deleting file ".\CortexM0\ARM_GCC_541\Debug\cyPm.o"
Deleting file ".\CortexM0\ARM_GCC_541\Debug\cyutils.o"
Deleting file ".\CortexM0\ARM_GCC_541\Debug\CyBootAsmGnu.o"
Deleting file ".\CortexM0\ARM_GCC_541\Debug\CyLFClk.o"
Deleting file ".\CortexM0\ARM_GCC_541\Debug\cy_em_eeprom.o"
Deleting file ".\CortexM0\ARM_GCC_541\Debug\SW_Tx_UART_AsmGnu.o"
Deleting file ".\CortexM0\ARM_GCC_541\Debug\SW_Tx_UART.o"
Deleting file ".\CortexM0\ARM_GCC_541\Debug\Car Charger.hex"
Deleting file ".\CortexM0\ARM_GCC_541\Debug\Car Charger.elf"
Deleting file ".\CortexM0\ARM_GCC_541\Debug\Car Charger.map"
Deleting file ".\CortexM0\ARM_GCC_541\Debug\Car Charger.cyacd"
Deleting file ".\Car Charger.cycdx"
Deleting file ".\Car Charger.rpt"
Deleting file ".\CortexM0\ARM_GCC_541\Debug\.deps\SOURCE_C__ARM_GCC_GENERIC.P"
Deleting file ".\CortexM0\ARM_GCC_541\Debug\.deps\SOURCE_ASM__ARM_GCC_GENERIC.P"
--------------- Clean Succeeded: 07/08/2020 11:29:14 ---------------
